<?xml version="1.0" encoding="UTF-8"?>
<!-- Generated by org.testng.reporters.JUnitXMLReporter -->
<testsuite ignored="0" hostname="LAPTOP-8IINSRMD" failures="0" tests="3" name="Test" time="19.94" errors="0" timestamp="2026-03-25T10:45:19 IST">
  <testcase classname="tests.LoginTest" name="loginTest" time="5.717"/>
  <testcase classname="tests.EndToEndTest" name="fullFlowTest" time="4.951">
    <skipped/>
  </testcase> <!-- fullFlowTest -->
  <testcase classname="tests.EndToEndTest" name="fullFlowTest" time="0.846">
    <skipped/>
  </testcase> <!-- fullFlowTest -->
</testsuite> <!-- Test -->
