<?xml version="1.0" encoding="UTF-8"?>
<!-- Generated by org.testng.reporters.JUnitReportReporter -->
<testsuite hostname="LAPTOP-8IINSRMD" failures="0" tests="2" name="tests.EndToEndTest" time="11.034" errors="0" timestamp="2026-03-25T10:44:09 IST" skipped="2">
  <testcase classname="tests.EndToEndTest" name="fullFlowTest" time="3.397">
    <skipped/>
  </testcase> <!-- fullFlowTest -->
  <testcase classname="tests.EndToEndTest" name="fullFlowTest" time="7.637">
    <skipped/>
  </testcase> <!-- fullFlowTest -->
</testsuite> <!-- tests.EndToEndTest -->
